[Day: 1 Hour: 0] Current state of Garden
Garden's current temperature: 75
Name: Rose
Current count: 0 Dead: 0
Current temperature: 75
Water level: 8.0
Name: Jasmine
Current count: 0 Dead: 0
Current temperature: 75
Water level: 8.0
Name: Sunflower
Current count: 0 Dead: 0
Current temperature: 75
Water level: 8.0
Name: Potato
Current count: 0 Dead: 0
Current temperature: 75
Water level: 12.0
Name: Tomato
Current count: 0 Dead: 0
Current temperature: 75
Water level: 12.0
Name: Carrot
Current count: 0 Dead: 0
Current temperature: 75
Water level: 8.0
Name: Apple Tree
Current count: 0 Dead: 0
Current temperature: 75
Water level: 24.0
Name: Cherry Tree
Current count: 0 Dead: 0
Current temperature: 75
Water level: 24.0
Name: Lemon Tree
Current count: 0 Dead: 0
Current temperature: 75
Water level: 24.0
Name: Cactus
Current count: 0 Dead: 0
Current temperature: 75
Water level: 2.0
Name: Aloe Vera
Current count: 0 Dead: 0
Current temperature: 75
Water level: 2.0
Name: Agave
Current count: 0 Dead: 0
Current temperature: 75
Water level: 2.0
